<?xml version="1.0" encoding="UTF-8"?>
<coverage generated="1562190381024" clover="3.2.0">
  <project timestamp="1562190381025" name="All files">
    <metrics statements="7" coveredstatements="4" conditionals="0" coveredconditionals="0" methods="2" coveredmethods="1" elements="9" coveredelements="5" complexity="0" loc="7" ncloc="7" packages="3" files="4" classes="4"/>
    <package name="controllers">
      <metrics statements="3" coveredstatements="2" conditionals="0" coveredconditionals="0" methods="2" coveredmethods="1"/>
      <file name="HelloWorldController.js" path="/home/sciensa/Projetos/Pessoal/Nodejs/node-express-base-template/src/app/controllers/HelloWorldController.js">
        <metrics statements="3" coveredstatements="2" conditionals="0" coveredconditionals="0" methods="2" coveredmethods="1"/>
        <line num="3" count="1" type="stmt"/>
        <line num="7" count="0" type="stmt"/>
        <line num="11" count="1" type="stmt"/>
      </file>
    </package>
    <package name="jobs">
      <metrics statements="1" coveredstatements="0" conditionals="0" coveredconditionals="0" methods="0" coveredmethods="0"/>
      <file name="index.js" path="/home/sciensa/Projetos/Pessoal/Nodejs/node-express-base-template/src/app/jobs/index.js">
        <metrics statements="1" coveredstatements="0" conditionals="0" coveredconditionals="0" methods="0" coveredmethods="0"/>
        <line num="1" count="0" type="stmt"/>
      </file>
    </package>
    <package name="validators">
      <metrics statements="3" coveredstatements="2" conditionals="0" coveredconditionals="0" methods="0" coveredmethods="0"/>
      <file name="HelloWorld.js" path="/home/sciensa/Projetos/Pessoal/Nodejs/node-express-base-template/src/app/validators/HelloWorld.js">
        <metrics statements="2" coveredstatements="2" conditionals="0" coveredconditionals="0" methods="0" coveredmethods="0"/>
        <line num="1" count="1" type="stmt"/>
        <line num="3" count="1" type="stmt"/>
      </file>
      <file name="index.js" path="/home/sciensa/Projetos/Pessoal/Nodejs/node-express-base-template/src/app/validators/index.js">
        <metrics statements="1" coveredstatements="0" conditionals="0" coveredconditionals="0" methods="0" coveredmethods="0"/>
        <line num="1" count="0" type="stmt"/>
      </file>
    </package>
  </project>
</coverage>
