{"/home/sciensa/Projetos/Pessoal/Nodejs/node-express-base-template/src/app/controllers/HelloWorldController.js": {"path":"/home/sciensa/Projetos/Pessoal/Nodejs/node-express-base-template/src/app/controllers/HelloWorldController.js","statementMap":{"0":{"start":{"line":3,"column":4},"end":{"line":3,"column":26}},"1":{"start":{"line":7,"column":4},"end":{"line":7,"column":64}},"2":{"start":{"line":11,"column":0},"end":{"line":11,"column":43}}},"fnMap":{"0":{"name":"(anonymous_0)","decl":{"start":{"line":2,"column":2},"end":{"line":2,"column":3}},"loc":{"start":{"line":2,"column":23},"end":{"line":4,"column":3}},"line":2},"1":{"name":"(anonymous_1)","decl":{"start":{"line":6,"column":2},"end":{"line":6,"column":3}},"loc":{"start":{"line":6,"column":24},"end":{"line":8,"column":3}},"line":6}},"branchMap":{},"s":{"0":1,"1":0,"2":1},"f":{"0":1,"1":0},"b":{},"_coverageSchema":"43e27e138ebf9cfc5966b082cf9a028302ed4184","hash":"f9d372d33f722b36ede507d66628f0dbda5fc21e"}
,"/home/sciensa/Projetos/Pessoal/Nodejs/node-express-base-template/src/app/jobs/index.js": {"path":"/home/sciensa/Projetos/Pessoal/Nodejs/node-express-base-template/src/app/jobs/index.js","statementMap":{"0":{"start":{"line":1,"column":0},"end":{"line":1,"column":41}}},"fnMap":{},"branchMap":{},"s":{"0":0},"f":{},"b":{},"hash":"d8ac48f24a18c64791131a7d0affbf4b2310514e"}
,"/home/sciensa/Projetos/Pessoal/Nodejs/node-express-base-template/src/app/validators/HelloWorld.js": {"path":"/home/sciensa/Projetos/Pessoal/Nodejs/node-express-base-template/src/app/validators/HelloWorld.js","statementMap":{"0":{"start":{"line":1,"column":12},"end":{"line":1,"column":26}},"1":{"start":{"line":3,"column":0},"end":{"line":7,"column":1}}},"fnMap":{},"branchMap":{},"s":{"0":1,"1":1},"f":{},"b":{},"_coverageSchema":"43e27e138ebf9cfc5966b082cf9a028302ed4184","hash":"d59af5f1e440d05a629ac49bb6399703fbec156d"}
,"/home/sciensa/Projetos/Pessoal/Nodejs/node-express-base-template/src/app/validators/index.js": {"path":"/home/sciensa/Projetos/Pessoal/Nodejs/node-express-base-template/src/app/validators/index.js","statementMap":{"0":{"start":{"line":1,"column":0},"end":{"line":1,"column":41}}},"fnMap":{},"branchMap":{},"s":{"0":0},"f":{},"b":{},"hash":"7f1cb2c022288e31792afe1daa7b289a26114a58"}
}
