TN:
SF:/home/sciensa/Projetos/Pessoal/Nodejs/node-express-base-template/src/app/controllers/HelloWorldController.js
FN:2,(anonymous_0)
FN:6,(anonymous_1)
FNF:2
FNH:1
FNDA:1,(anonymous_0)
FNDA:0,(anonymous_1)
DA:3,1
DA:7,0
DA:11,1
LF:3
LH:2
BRF:0
BRH:0
end_of_record
TN:
SF:/home/sciensa/Projetos/Pessoal/Nodejs/node-express-base-template/src/app/jobs/index.js
FNF:0
FNH:0
DA:1,0
LF:1
LH:0
BRF:0
BRH:0
end_of_record
TN:
SF:/home/sciensa/Projetos/Pessoal/Nodejs/node-express-base-template/src/app/validators/HelloWorld.js
FNF:0
FNH:0
DA:1,1
DA:3,1
LF:2
LH:2
BRF:0
BRH:0
end_of_record
TN:
SF:/home/sciensa/Projetos/Pessoal/Nodejs/node-express-base-template/src/app/validators/index.js
FNF:0
FNH:0
DA:1,0
LF:1
LH:0
BRF:0
BRH:0
end_of_record
